{"location":"vessels/[id]/route.ts:PATCH:before crew ops","message":"crew assign","data":{"vesselId":"cmkrg7jb0000391gv262pain4","idType":"string","assignedLen":1,"dataArrLen":1,"firstUserIdType":"string","firstVesselIdType":"string","firstUserIdLen":25},"timestamp":1769209525607,"sessionId":"debug-session","hypothesisId":"H1"}
{"location":"vessels/[id]/route.ts:PATCH:after deleteMany","message":"deleteMany ok","data":{},"timestamp":1769209525618,"sessionId":"debug-session","hypothesisId":"H2"}
{"location":"vessels/[id]/route.ts:PATCH:before createMany","message":"before createMany","data":{"dataLen":1,"skipDuplicates":true},"timestamp":1769209525620,"sessionId":"debug-session","hypothesisId":"H3"}
{"location":"vessels/[id]/route.ts:PATCH:catch","message":"Prisma/catch","data":{"name":"PrismaClientValidationError","message":"\nInvalid `prisma.userVessel.createMany()` invocation:\n\n{\n  data: [\n    {\n      userId: \"cmkrg7ja6000191gvhouzl2b9\",\n      vesselId: \"cmkrg7jb0000391gv262pain4\"\n    }\n  ],\n  skipDuplicates: true\n  ~~~~~~~~~~~~~~\n}\n\nUnknown argument `skipDuplicates`. Available options are marked with ?."},"timestamp":1769209525630,"sessionId":"debug-session","hypothesisId":"H5"}
{"location":"vessels/[id]/route.ts:PATCH:before crew ops","message":"crew assign","data":{"vesselId":"cmkrg7jb0000391gv262pain4","idType":"string","assignedLen":1,"dataArrLen":1,"firstUserIdType":"string","firstVesselIdType":"string","firstUserIdLen":25},"timestamp":1769209728136,"sessionId":"debug-session","hypothesisId":"H1"}
{"location":"vessels/[id]/route.ts:PATCH:after deleteMany","message":"deleteMany ok","data":{},"timestamp":1769209728145,"sessionId":"debug-session","hypothesisId":"H2"}
{"location":"vessels/[id]/route.ts:PATCH:before createMany","message":"before createMany","data":{"dataLen":1,"skipDuplicates":true},"timestamp":1769209728146,"sessionId":"debug-session","hypothesisId":"H3"}
{"location":"vessels/[id]/route.ts:PATCH:catch","message":"Prisma/catch","data":{"name":"PrismaClientValidationError","message":"\nInvalid `prisma.userVessel.createMany()` invocation:\n\n{\n  data: [\n    {\n      userId: \"cmkrg7ja6000191gvhouzl2b9\",\n      vesselId: \"cmkrg7jb0000391gv262pain4\"\n    }\n  ],\n  skipDuplicates: true\n  ~~~~~~~~~~~~~~\n}\n\nUnknown argument `skipDuplicates`. Available options are marked with ?."},"timestamp":1769209728154,"sessionId":"debug-session","hypothesisId":"H5"}
{"location":"vessels/[id]/route.ts:PATCH:before crew ops","message":"crew assign","data":{"vesselId":"cmkrg7jb0000391gv262pain4","idType":"string","assignedLen":1,"dataArrLen":1,"firstUserIdType":"string","firstVesselIdType":"string","firstUserIdLen":25},"timestamp":1769209759192,"sessionId":"debug-session","hypothesisId":"H1"}
{"location":"vessels/[id]/route.ts:PATCH:after deleteMany","message":"deleteMany ok","data":{},"timestamp":1769209759194,"sessionId":"debug-session","hypothesisId":"H2"}
{"location":"vessels/[id]/route.ts:PATCH:before createMany","message":"before createMany","data":{"dataLen":1,"skipDuplicates":true},"timestamp":1769209759195,"sessionId":"debug-session","hypothesisId":"H3"}
{"location":"vessels/[id]/route.ts:PATCH:catch","message":"Prisma/catch","data":{"name":"PrismaClientValidationError","message":"\nInvalid `prisma.userVessel.createMany()` invocation:\n\n{\n  data: [\n    {\n      userId: \"cmkrg7ja6000191gvhouzl2b9\",\n      vesselId: \"cmkrg7jb0000391gv262pain4\"\n    }\n  ],\n  skipDuplicates: true\n  ~~~~~~~~~~~~~~\n}\n\nUnknown argument `skipDuplicates`. Available options are marked with ?."},"timestamp":1769209759199,"sessionId":"debug-session","hypothesisId":"H5"}
{"location":"vessels/[id]/route.ts:PATCH:before crew ops","message":"crew assign","data":{"vesselId":"cmkrg7jb0000391gv262pain4","idType":"string","assignedLen":1,"dataArrLen":1,"firstUserIdType":"string","firstVesselIdType":"string","firstUserIdLen":25},"timestamp":1769209772989,"sessionId":"debug-session","hypothesisId":"H1"}
{"location":"vessels/[id]/route.ts:PATCH:after deleteMany","message":"deleteMany ok","data":{},"timestamp":1769209773000,"sessionId":"debug-session","hypothesisId":"H2"}
{"location":"vessels/[id]/route.ts:PATCH:before createMany","message":"before createMany","data":{"dataLen":1,"skipDuplicates":true},"timestamp":1769209773002,"sessionId":"debug-session","hypothesisId":"H3"}
{"location":"vessels/[id]/route.ts:PATCH:catch","message":"Prisma/catch","data":{"name":"PrismaClientValidationError","message":"\nInvalid `prisma.userVessel.createMany()` invocation:\n\n{\n  data: [\n    {\n      userId: \"cmkrg7ja6000191gvhouzl2b9\",\n      vesselId: \"cmkrg7jb0000391gv262pain4\"\n    }\n  ],\n  skipDuplicates: true\n  ~~~~~~~~~~~~~~\n}\n\nUnknown argument `skipDuplicates`. Available options are marked with ?."},"timestamp":1769209773009,"sessionId":"debug-session","hypothesisId":"H5"}
{"location":"vessels/[id]/route.ts:PATCH:before crew ops","message":"crew assign","data":{"vesselId":"cmkrg7jb0000391gv262pain4","idType":"string","assignedLen":1,"dataArrLen":1,"firstUserIdType":"string","firstVesselIdType":"string","firstUserIdLen":25},"timestamp":1769209807131,"sessionId":"debug-session","hypothesisId":"H1"}
{"location":"vessels/[id]/route.ts:PATCH:after deleteMany","message":"deleteMany ok","data":{},"timestamp":1769209807140,"sessionId":"debug-session","hypothesisId":"H2"}
{"location":"vessels/[id]/route.ts:PATCH:before createMany","message":"before createMany","data":{"dataLen":1},"timestamp":1769209807141,"sessionId":"debug-session","hypothesisId":"H3"}
{"location":"vessels/[id]/route.ts:PATCH:catch","message":"Prisma/catch","data":{"name":"PrismaClientKnownRequestError","message":"\nInvalid `prisma.userVessel.createMany()` invocation:\n\n\nForeign key constraint violated: `foreign key`","code":"P2003","meta":{"modelName":"UserVessel","field_name":"foreign key"}},"timestamp":1769209807149,"sessionId":"debug-session","hypothesisId":"H5"}
{"location":"vessels/[id]/route.ts:PATCH:before crew ops","message":"crew assign","data":{"vesselId":"cmkrg7jb0000391gv262pain4","idType":"string","assignedLen":2,"dataArrLen":2,"firstUserIdType":"string","firstVesselIdType":"string","firstUserIdLen":25},"timestamp":1769209819344,"sessionId":"debug-session","hypothesisId":"H1"}
{"location":"vessels/[id]/route.ts:PATCH:after deleteMany","message":"deleteMany ok","data":{},"timestamp":1769209819346,"sessionId":"debug-session","hypothesisId":"H2"}
{"location":"vessels/[id]/route.ts:PATCH:before createMany","message":"before createMany","data":{"dataLen":2},"timestamp":1769209819347,"sessionId":"debug-session","hypothesisId":"H3"}
{"location":"vessels/[id]/route.ts:PATCH:catch","message":"Prisma/catch","data":{"name":"PrismaClientKnownRequestError","message":"\nInvalid `prisma.userVessel.createMany()` invocation:\n\n\nForeign key constraint violated: `foreign key`","code":"P2003","meta":{"modelName":"UserVessel","field_name":"foreign key"}},"timestamp":1769209819354,"sessionId":"debug-session","hypothesisId":"H5"}
{"location":"vessels/[id]/route.ts:PATCH:before crew ops","message":"crew assign","data":{"vesselId":"cmkrg7jb0000391gv262pain4","idType":"string","assignedLen":1,"dataArrLen":1,"firstUserIdType":"string","firstVesselIdType":"string","firstUserIdLen":25},"timestamp":1769209822979,"sessionId":"debug-session","hypothesisId":"H1"}
{"location":"vessels/[id]/route.ts:PATCH:after deleteMany","message":"deleteMany ok","data":{},"timestamp":1769209822982,"sessionId":"debug-session","hypothesisId":"H2"}
{"location":"vessels/[id]/route.ts:PATCH:before createMany","message":"before createMany","data":{"dataLen":1},"timestamp":1769209822983,"sessionId":"debug-session","hypothesisId":"H3"}
{"location":"vessels/[id]/route.ts:PATCH:catch","message":"Prisma/catch","data":{"name":"PrismaClientKnownRequestError","message":"\nInvalid `prisma.userVessel.createMany()` invocation:\n\n\nForeign key constraint violated: `foreign key`","code":"P2003","meta":{"modelName":"UserVessel","field_name":"foreign key"}},"timestamp":1769209822992,"sessionId":"debug-session","hypothesisId":"H5"}
